  path_tracing_5chap.cpp
C:\Users\damnkk\source\repos\path_tracing_1chap\path_tracing_5chap\path_tracing_5chap.cpp(106,1): warning C4267: “参数”: 从“size_t”转换到“GLsizei”，可能丢失数据
C:\Users\damnkk\source\repos\path_tracing_1chap\path_tracing_5chap\path_tracing_5chap.cpp(282,27): warning C4305: “初始化”: 从“double”到“float”截断
C:\Users\damnkk\source\repos\path_tracing_1chap\path_tracing_5chap\path_tracing_5chap.cpp(283,27): warning C4305: “初始化”: 从“double”到“float”截断
C:\Users\damnkk\source\repos\path_tracing_1chap\path_tracing_5chap\path_tracing_5chap.cpp(284,27): warning C4305: “初始化”: 从“double”到“float”截断
C:\Users\damnkk\source\repos\path_tracing_1chap\path_tracing_5chap\path_tracing_5chap.cpp(285,26): warning C4305: “初始化”: 从“double”到“float”截断
C:\Users\damnkk\source\repos\path_tracing_1chap\path_tracing_5chap\path_tracing_5chap.cpp(286,26): warning C4305: “初始化”: 从“double”到“float”截断
C:\Users\damnkk\source\repos\path_tracing_1chap\path_tracing_5chap\path_tracing_5chap.cpp(287,26): warning C4305: “初始化”: 从“double”到“float”截断
C:\Users\damnkk\source\repos\path_tracing_1chap\path_tracing_5chap\path_tracing_5chap.cpp(373,31): warning C4267: “初始化”: 从“size_t”转换到“int”，可能丢失数据
C:\Users\damnkk\source\repos\path_tracing_1chap\path_tracing_5chap\path_tracing_5chap.cpp(411,27): warning C4267: “初始化”: 从“size_t”转换到“int”，可能丢失数据
C:\Users\damnkk\source\repos\path_tracing_1chap\path_tracing_5chap\path_tracing_5chap.cpp(471,27): warning C4267: “初始化”: 从“size_t”转换到“int”，可能丢失数据
C:\Users\damnkk\source\repos\path_tracing_1chap\path_tracing_5chap\path_tracing_5chap.cpp(545,15): warning C4244: “初始化”: 从“int”转换到“float”，可能丢失数据
C:\Users\damnkk\source\repos\path_tracing_1chap\path_tracing_5chap\path_tracing_5chap.cpp(554,16): warning C4244: “初始化”: 从“double”转换到“float”，可能丢失数据
C:\Users\damnkk\source\repos\path_tracing_1chap\path_tracing_5chap\path_tracing_5chap.cpp(562,17): warning C4244: “初始化”: 从“double”转换到“float”，可能丢失数据
C:\Users\damnkk\source\repos\path_tracing_1chap\path_tracing_5chap\path_tracing_5chap.cpp(569,13): warning C4244: “=”: 从“int”转换到“float”，可能丢失数据
C:\Users\damnkk\source\repos\path_tracing_1chap\path_tracing_5chap\path_tracing_5chap.cpp(576,12): warning C4244: “=”: 从“float”转换到“int”，可能丢失数据
C:\Users\damnkk\source\repos\path_tracing_1chap\path_tracing_5chap\path_tracing_5chap.cpp(607,14): warning C4244: “初始化”: 从“double”转换到“float”，可能丢失数据
C:\Users\damnkk\source\repos\path_tracing_1chap\path_tracing_5chap\path_tracing_5chap.cpp(673,10): warning C4244: “初始化”: 从“__int64”转换到“int”，可能丢失数据
C:\Users\damnkk\source\repos\path_tracing_1chap\path_tracing_5chap\path_tracing_5chap.cpp(676,10): warning C4244: “初始化”: 从“__int64”转换到“int”，可能丢失数据
C:\Users\damnkk\source\repos\path_tracing_1chap\path_tracing_5chap\path_tracing_5chap.cpp(770,39): warning C4244: “+=”: 从“double”转换到“float”，可能丢失数据
C:\Users\damnkk\source\repos\path_tracing_1chap\path_tracing_5chap\path_tracing_5chap.cpp(771,36): warning C4244: “+=”: 从“double”转换到“float”，可能丢失数据
C:\Users\damnkk\source\repos\path_tracing_1chap\path_tracing_5chap\path_tracing_5chap.cpp(789,23): warning C4244: “+=”: 从“double”转换到“float”，可能丢失数据
C:\Users\damnkk\source\repos\path_tracing_1chap\path_tracing_5chap\path_tracing_5chap.cpp(807,19): warning C4305: “=”: 从“double”到“float”截断
C:\Users\damnkk\source\repos\path_tracing_1chap\path_tracing_5chap\path_tracing_5chap.cpp(809,18): warning C4305: “=”: 从“double”到“float”截断
C:\Users\damnkk\source\repos\path_tracing_1chap\path_tracing_5chap\path_tracing_5chap.cpp(810,19): warning C4305: “=”: 从“double”到“float”截断
C:\Users\damnkk\source\repos\path_tracing_1chap\path_tracing_5chap\path_tracing_5chap.cpp(811,24): warning C4305: “=”: 从“double”到“float”截断
C:\Users\damnkk\source\repos\path_tracing_1chap\path_tracing_5chap\path_tracing_5chap.cpp(820,20): warning C4305: “=”: 从“double”到“float”截断
C:\Users\damnkk\source\repos\path_tracing_1chap\path_tracing_5chap\path_tracing_5chap.cpp(821,19): warning C4305: “=”: 从“double”到“float”截断
C:\Users\damnkk\source\repos\path_tracing_1chap\path_tracing_5chap\path_tracing_5chap.cpp(831,35): warning C4267: “初始化”: 从“size_t”转换到“int”，可能丢失数据
C:\Users\damnkk\source\repos\path_tracing_1chap\path_tracing_5chap\path_tracing_5chap.cpp(843,62): warning C4267: “参数”: 从“size_t”转换到“int”，可能丢失数据
C:\Users\damnkk\source\repos\path_tracing_1chap\path_tracing_5chap\path_tracing_5chap.cpp(844,27): warning C4267: “初始化”: 从“size_t”转换到“int”，可能丢失数据
C:\Users\damnkk\source\repos\path_tracing_1chap\path_tracing_5chap\path_tracing_5chap.cpp(924,81): warning C4267: “参数”: 从“size_t”转换到“GLint”，可能丢失数据
C:\Users\damnkk\source\repos\path_tracing_1chap\path_tracing_5chap\path_tracing_5chap.cpp(925,73): warning C4267: “参数”: 从“size_t”转换到“GLint”，可能丢失数据
  正在生成代码
  2 of 829 functions ( 0.2%) were compiled, the rest were copied from previous compilation.
    0 functions were new in current compilation
    2 functions had inline decision re-evaluated but remain unchanged
  已完成代码的生成
  path_tracing_5chap.vcxproj -> C:\Users\damnkk\source\repos\path_tracing_1chap\x64\Release\path_tracing_5chap.exe
